<?xml version="1.0" encoding="UTF-8"?>
<testsuite xmlns:xsi="http://www.w3.org/2001/XMLSchema-instance" xsi:noNamespaceSchemaLocation="https://maven.apache.org/surefire/maven-surefire-plugin/xsd/surefire-test-report-3.0.xsd" version="3.0" name="TestSuite" time="20.494" tests="1" errors="0" skipped="0" failures="0">
  <properties>
    <property name="java.specification.version" value="17"/>
    <property name="webdriver.chrome.driver" value="C:\Users\hp\.cache\selenium\chromedriver\win32\98.0.4758.80\chromedriver.exe"/>
    <property name="sun.cpu.isalist" value="amd64"/>
    <property name="sun.jnu.encoding" value="Cp1252"/>
    <property name="sun.awt.enableExtraMouseButtons" value="true"/>
    <property name="java.class.path" value="D:\Selenium\redbus\target\test-classes;D:\Selenium\redbus\target\classes;C:\Users\hp\.m2\repository\org\seleniumhq\selenium\selenium-java\4.0.0\selenium-java-4.0.0.jar;C:\Users\hp\.m2\repository\org\seleniumhq\selenium\selenium-api\4.0.0\selenium-api-4.0.0.jar;C:\Users\hp\.m2\repository\org\seleniumhq\selenium\selenium-chrome-driver\4.0.0\selenium-chrome-driver-4.0.0.jar;C:\Users\hp\.m2\repository\com\google\auto\service\auto-service-annotations\1.0\auto-service-annotations-1.0.jar;C:\Users\hp\.m2\repository\com\google\auto\service\auto-service\1.0\auto-service-1.0.jar;C:\Users\hp\.m2\repository\com\google\auto\auto-common\1.0\auto-common-1.0.jar;C:\Users\hp\.m2\repository\org\seleniumhq\selenium\selenium-chromium-driver\4.0.0\selenium-chromium-driver-4.0.0.jar;C:\Users\hp\.m2\repository\org\seleniumhq\selenium\selenium-json\4.0.0\selenium-json-4.0.0.jar;C:\Users\hp\.m2\repository\org\seleniumhq\selenium\selenium-devtools-v85\4.0.0\selenium-devtools-v85-4.0.0.jar;C:\Users\hp\.m2\repository\org\seleniumhq\selenium\selenium-devtools-v93\4.0.0\selenium-devtools-v93-4.0.0.jar;C:\Users\hp\.m2\repository\org\seleniumhq\selenium\selenium-devtools-v94\4.0.0\selenium-devtools-v94-4.0.0.jar;C:\Users\hp\.m2\repository\org\seleniumhq\selenium\selenium-devtools-v95\4.0.0\selenium-devtools-v95-4.0.0.jar;C:\Users\hp\.m2\repository\org\seleniumhq\selenium\selenium-edge-driver\4.0.0\selenium-edge-driver-4.0.0.jar;C:\Users\hp\.m2\repository\org\seleniumhq\selenium\selenium-firefox-driver\4.0.0\selenium-firefox-driver-4.0.0.jar;C:\Users\hp\.m2\repository\org\seleniumhq\selenium\selenium-firefox-xpi-driver\4.0.0\selenium-firefox-xpi-driver-4.0.0.jar;C:\Users\hp\.m2\repository\org\seleniumhq\selenium\selenium-ie-driver\4.0.0\selenium-ie-driver-4.0.0.jar;C:\Users\hp\.m2\repository\org\seleniumhq\selenium\selenium-opera-driver\4.0.0\selenium-opera-driver-4.0.0.jar;C:\Users\hp\.m2\repository\org\seleniumhq\selenium\selenium-remote-driver\4.0.0\selenium-remote-driver-4.0.0.jar;C:\Users\hp\.m2\repository\io\netty\netty-buffer\4.1.68.Final\netty-buffer-4.1.68.Final.jar;C:\Users\hp\.m2\repository\io\netty\netty-codec-http\4.1.67.Final\netty-codec-http-4.1.67.Final.jar;C:\Users\hp\.m2\repository\io\netty\netty-codec\4.1.67.Final\netty-codec-4.1.67.Final.jar;C:\Users\hp\.m2\repository\io\netty\netty-handler\4.1.67.Final\netty-handler-4.1.67.Final.jar;C:\Users\hp\.m2\repository\io\netty\netty-common\4.1.68.Final\netty-common-4.1.68.Final.jar;C:\Users\hp\.m2\repository\io\netty\netty-transport-native-epoll\4.1.67.Final\netty-transport-native-epoll-4.1.67.Final.jar;C:\Users\hp\.m2\repository\io\netty\netty-transport-native-kqueue\4.1.67.Final\netty-transport-native-kqueue-4.1.67.Final.jar;C:\Users\hp\.m2\repository\io\netty\netty-transport-native-unix-common\4.1.67.Final\netty-transport-native-unix-common-4.1.67.Final.jar;C:\Users\hp\.m2\repository\io\netty\netty-transport\4.1.68.Final\netty-transport-4.1.68.Final.jar;C:\Users\hp\.m2\repository\io\netty\netty-resolver\4.1.68.Final\netty-resolver-4.1.68.Final.jar;C:\Users\hp\.m2\repository\io\opentelemetry\opentelemetry-api\1.6.0\opentelemetry-api-1.6.0.jar;C:\Users\hp\.m2\repository\io\opentelemetry\opentelemetry-context\1.6.0\opentelemetry-context-1.6.0.jar;C:\Users\hp\.m2\repository\io\opentelemetry\opentelemetry-exporter-logging\1.6.0\opentelemetry-exporter-logging-1.6.0.jar;C:\Users\hp\.m2\repository\io\opentelemetry\opentelemetry-sdk-metrics\1.6.0-alpha\opentelemetry-sdk-metrics-1.6.0-alpha.jar;C:\Users\hp\.m2\repository\io\opentelemetry\opentelemetry-sdk-common\1.6.0\opentelemetry-sdk-common-1.6.0.jar;C:\Users\hp\.m2\repository\io\opentelemetry\opentelemetry-sdk-extension-autoconfigure-spi\1.6.0\opentelemetry-sdk-extension-autoconfigure-spi-1.6.0.jar;C:\Users\hp\.m2\repository\io\opentelemetry\opentelemetry-sdk-extension-autoconfigure\1.6.0-alpha\opentelemetry-sdk-extension-autoconfigure-1.6.0-alpha.jar;C:\Users\hp\.m2\repository\io\opentelemetry\opentelemetry-sdk-trace\1.6.0\opentelemetry-sdk-trace-1.6.0.jar;C:\Users\hp\.m2\repository\io\opentelemetry\opentelemetry-api-metrics\1.6.0-alpha\opentelemetry-api-metrics-1.6.0-alpha.jar;C:\Users\hp\.m2\repository\io\opentelemetry\opentelemetry-sdk\1.6.0\opentelemetry-sdk-1.6.0.jar;C:\Users\hp\.m2\repository\io\opentelemetry\opentelemetry-semconv\1.6.0-alpha\opentelemetry-semconv-1.6.0-alpha.jar;C:\Users\hp\.m2\repository\io\ous\jtoml\2.0.0\jtoml-2.0.0.jar;C:\Users\hp\.m2\repository\net\bytebuddy\byte-buddy\1.11.19\byte-buddy-1.11.19.jar;C:\Users\hp\.m2\repository\org\apache\commons\commons-exec\1.3\commons-exec-1.3.jar;C:\Users\hp\.m2\repository\org\asynchttpclient\async-http-client\2.12.3\async-http-client-2.12.3.jar;C:\Users\hp\.m2\repository\org\asynchttpclient\async-http-client-netty-utils\2.12.3\async-http-client-netty-utils-2.12.3.jar;C:\Users\hp\.m2\repository\io\netty\netty-codec-socks\4.1.60.Final\netty-codec-socks-4.1.60.Final.jar;C:\Users\hp\.m2\repository\io\netty\netty-handler-proxy\4.1.60.Final\netty-handler-proxy-4.1.60.Final.jar;C:\Users\hp\.m2\repository\io\netty\netty-transport-native-epoll\4.1.60.Final\netty-transport-native-epoll-4.1.60.Final-linux-x86_64.jar;C:\Users\hp\.m2\repository\io\netty\netty-transport-native-kqueue\4.1.60.Final\netty-transport-native-kqueue-4.1.60.Final-osx-x86_64.jar;C:\Users\hp\.m2\repository\org\reactivestreams\reactive-streams\1.0.3\reactive-streams-1.0.3.jar;C:\Users\hp\.m2\repository\com\typesafe\netty\netty-reactive-streams\2.0.4\netty-reactive-streams-2.0.4.jar;C:\Users\hp\.m2\repository\com\sun\activation\jakarta.activation\1.2.2\jakarta.activation-1.2.2.jar;C:\Users\hp\.m2\repository\org\seleniumhq\selenium\selenium-http\4.0.0\selenium-http-4.0.0.jar;C:\Users\hp\.m2\repository\org\seleniumhq\selenium\selenium-safari-driver\4.0.0\selenium-safari-driver-4.0.0.jar;C:\Users\hp\.m2\repository\org\seleniumhq\selenium\selenium-support\4.0.0\selenium-support-4.0.0.jar;C:\Users\hp\.m2\repository\org\apache\poi\poi\5.2.0\poi-5.2.0.jar;C:\Users\hp\.m2\repository\commons-codec\commons-codec\1.15\commons-codec-1.15.jar;C:\Users\hp\.m2\repository\org\apache\commons\commons-collections4\4.4\commons-collections4-4.4.jar;C:\Users\hp\.m2\repository\org\apache\commons\commons-math3\3.6.1\commons-math3-3.6.1.jar;C:\Users\hp\.m2\repository\commons-io\commons-io\2.11.0\commons-io-2.11.0.jar;C:\Users\hp\.m2\repository\com\zaxxer\SparseBitSet\1.2\SparseBitSet-1.2.jar;C:\Users\hp\.m2\repository\org\apache\logging\log4j\log4j-api\2.17.1\log4j-api-2.17.1.jar;C:\Users\hp\.m2\repository\org\testng\testng\7.5\testng-7.5.jar;C:\Users\hp\.m2\repository\com\google\code\findbugs\jsr305\3.0.1\jsr305-3.0.1.jar;C:\Users\hp\.m2\repository\org\slf4j\slf4j-api\1.7.32\slf4j-api-1.7.32.jar;C:\Users\hp\.m2\repository\com\beust\jcommander\1.78\jcommander-1.78.jar;C:\Users\hp\.m2\repository\org\webjars\jquery\3.5.1\jquery-3.5.1.jar;C:\Users\hp\.m2\repository\io\github\bonigarcia\webdrivermanager\5.0.0\webdrivermanager-5.0.0.jar;C:\Users\hp\.m2\repository\com\google\code\gson\gson\2.8.8\gson-2.8.8.jar;C:\Users\hp\.m2\repository\org\jsoup\jsoup\1.14.2\jsoup-1.14.2.jar;C:\Users\hp\.m2\repository\com\github\docker-java\docker-java\3.2.11\docker-java-3.2.11.jar;C:\Users\hp\.m2\repository\com\github\docker-java\docker-java-core\3.2.11\docker-java-core-3.2.11.jar;C:\Users\hp\.m2\repository\com\github\docker-java\docker-java-api\3.2.11\docker-java-api-3.2.11.jar;C:\Users\hp\.m2\repository\com\fasterxml\jackson\core\jackson-annotations\2.10.3\jackson-annotations-2.10.3.jar;C:\Users\hp\.m2\repository\org\apache\commons\commons-compress\1.20\commons-compress-1.20.jar;C:\Users\hp\.m2\repository\commons-lang\commons-lang\2.6\commons-lang-2.6.jar;C:\Users\hp\.m2\repository\com\fasterxml\jackson\core\jackson-databind\2.10.3\jackson-databind-2.10.3.jar;C:\Users\hp\.m2\repository\com\fasterxml\jackson\core\jackson-core\2.10.3\jackson-core-2.10.3.jar;C:\Users\hp\.m2\repository\org\bouncycastle\bcpkix-jdk15on\1.64\bcpkix-jdk15on-1.64.jar;C:\Users\hp\.m2\repository\org\bouncycastle\bcprov-jdk15on\1.64\bcprov-jdk15on-1.64.jar;C:\Users\hp\.m2\repository\org\slf4j\jcl-over-slf4j\1.7.30\jcl-over-slf4j-1.7.30.jar;C:\Users\hp\.m2\repository\com\github\docker-java\docker-java-transport-httpclient5\3.2.11\docker-java-transport-httpclient5-3.2.11.jar;C:\Users\hp\.m2\repository\com\github\docker-java\docker-java-transport\3.2.11\docker-java-transport-3.2.11.jar;C:\Users\hp\.m2\repository\org\apache\httpcomponents\client5\httpclient5\5.0.3\httpclient5-5.0.3.jar;C:\Users\hp\.m2\repository\org\apache\httpcomponents\core5\httpcore5\5.0.2\httpcore5-5.0.2.jar;C:\Users\hp\.m2\repository\net\java\dev\jna\jna\5.8.0\jna-5.8.0.jar;C:\Users\hp\.m2\repository\com\google\guava\guava\30.1.1-jre\guava-30.1.1-jre.jar;C:\Users\hp\.m2\repository\com\google\guava\failureaccess\1.0.1\failureaccess-1.0.1.jar;C:\Users\hp\.m2\repository\com\google\guava\listenablefuture\9999.0-empty-to-avoid-conflict-with-guava\listenablefuture-9999.0-empty-to-avoid-conflict-with-guava.jar;C:\Users\hp\.m2\repository\org\checkerframework\checker-qual\3.8.0\checker-qual-3.8.0.jar;C:\Users\hp\.m2\repository\com\google\errorprone\error_prone_annotations\2.5.1\error_prone_annotations-2.5.1.jar;C:\Users\hp\.m2\repository\com\google\j2objc\j2objc-annotations\1.3\j2objc-annotations-1.3.jar;C:\Users\hp\.m2\repository\org\brotli\dec\0.1.2\dec-0.1.2.jar;C:\Users\hp\.m2\repository\com\codoid\products\fillo\1.21\fillo-1.21.jar;C:\Users\hp\.m2\repository\mysql\mysql-connector-java\8.0.28\mysql-connector-java-8.0.28.jar;C:\Users\hp\.m2\repository\com\google\protobuf\protobuf-java\3.11.4\protobuf-java-3.11.4.jar;C:\Users\hp\.m2\repository\org\apache\maven\plugins\maven-compiler-plugin\3.9.0\maven-compiler-plugin-3.9.0.jar;C:\Users\hp\.m2\repository\org\apache\maven\shared\maven-shared-utils\3.3.4\maven-shared-utils-3.3.4.jar;C:\Users\hp\.m2\repository\org\apache\maven\shared\maven-shared-incremental\1.1\maven-shared-incremental-1.1.jar;C:\Users\hp\.m2\repository\org\codehaus\plexus\plexus-component-annotations\1.5.5\plexus-component-annotations-1.5.5.jar;C:\Users\hp\.m2\repository\org\codehaus\plexus\plexus-java\1.1.0\plexus-java-1.1.0.jar;C:\Users\hp\.m2\repository\org\ow2\asm\asm\9.2\asm-9.2.jar;C:\Users\hp\.m2\repository\com\thoughtworks\qdox\qdox\2.0.0\qdox-2.0.0.jar;C:\Users\hp\.m2\repository\org\codehaus\plexus\plexus-compiler-api\2.9.0\plexus-compiler-api-2.9.0.jar;C:\Users\hp\.m2\repository\org\codehaus\plexus\plexus-utils\3.3.0\plexus-utils-3.3.0.jar;C:\Users\hp\.m2\repository\org\codehaus\plexus\plexus-compiler-manager\2.9.0\plexus-compiler-manager-2.9.0.jar;C:\Users\hp\.m2\repository\org\codehaus\plexus\plexus-compiler-javac\2.9.0\plexus-compiler-javac-2.9.0.jar;"/>
    <property name="java.vm.vendor" value="Eclipse Adoptium"/>
    <property name="sun.arch.data.model" value="64"/>
    <property name="user.variant" value=""/>
    <property name="java.vendor.url" value="https://adoptium.net/"/>
    <property name="user.timezone" value="Asia/Calcutta"/>
    <property name="os.name" value="Windows 10"/>
    <property name="java.vm.specification.version" value="17"/>
    <property name="sun.java.launcher" value="SUN_STANDARD"/>
    <property name="user.country" value="IN"/>
    <property name="sun.boot.library.path" value="C:\Users\hp\.p2\pool\plugins\org.eclipse.justj.openjdk.hotspot.jre.full.win32.x86_64_17.0.1.v20211116-1657\jre\bin"/>
    <property name="sun.java.command" value="C:\Users\hp\AppData\Local\Temp\surefire15511800336988566582\surefirebooter10098084563790017397.jar C:\Users\hp\AppData\Local\Temp\surefire15511800336988566582 2022-02-14T17-27-46_920-jvmRun1 surefire451385441589451375tmp surefire_01433787366178263472tmp"/>
    <property name="jdk.debug" value="release"/>
    <property name="surefire.test.class.path" value="D:\Selenium\redbus\target\test-classes;D:\Selenium\redbus\target\classes;C:\Users\hp\.m2\repository\org\seleniumhq\selenium\selenium-java\4.0.0\selenium-java-4.0.0.jar;C:\Users\hp\.m2\repository\org\seleniumhq\selenium\selenium-api\4.0.0\selenium-api-4.0.0.jar;C:\Users\hp\.m2\repository\org\seleniumhq\selenium\selenium-chrome-driver\4.0.0\selenium-chrome-driver-4.0.0.jar;C:\Users\hp\.m2\repository\com\google\auto\service\auto-service-annotations\1.0\auto-service-annotations-1.0.jar;C:\Users\hp\.m2\repository\com\google\auto\service\auto-service\1.0\auto-service-1.0.jar;C:\Users\hp\.m2\repository\com\google\auto\auto-common\1.0\auto-common-1.0.jar;C:\Users\hp\.m2\repository\org\seleniumhq\selenium\selenium-chromium-driver\4.0.0\selenium-chromium-driver-4.0.0.jar;C:\Users\hp\.m2\repository\org\seleniumhq\selenium\selenium-json\4.0.0\selenium-json-4.0.0.jar;C:\Users\hp\.m2\repository\org\seleniumhq\selenium\selenium-devtools-v85\4.0.0\selenium-devtools-v85-4.0.0.jar;C:\Users\hp\.m2\repository\org\seleniumhq\selenium\selenium-devtools-v93\4.0.0\selenium-devtools-v93-4.0.0.jar;C:\Users\hp\.m2\repository\org\seleniumhq\selenium\selenium-devtools-v94\4.0.0\selenium-devtools-v94-4.0.0.jar;C:\Users\hp\.m2\repository\org\seleniumhq\selenium\selenium-devtools-v95\4.0.0\selenium-devtools-v95-4.0.0.jar;C:\Users\hp\.m2\repository\org\seleniumhq\selenium\selenium-edge-driver\4.0.0\selenium-edge-driver-4.0.0.jar;C:\Users\hp\.m2\repository\org\seleniumhq\selenium\selenium-firefox-driver\4.0.0\selenium-firefox-driver-4.0.0.jar;C:\Users\hp\.m2\repository\org\seleniumhq\selenium\selenium-firefox-xpi-driver\4.0.0\selenium-firefox-xpi-driver-4.0.0.jar;C:\Users\hp\.m2\repository\org\seleniumhq\selenium\selenium-ie-driver\4.0.0\selenium-ie-driver-4.0.0.jar;C:\Users\hp\.m2\repository\org\seleniumhq\selenium\selenium-opera-driver\4.0.0\selenium-opera-driver-4.0.0.jar;C:\Users\hp\.m2\repository\org\seleniumhq\selenium\selenium-remote-driver\4.0.0\selenium-remote-driver-4.0.0.jar;C:\Users\hp\.m2\repository\io\netty\netty-buffer\4.1.68.Final\netty-buffer-4.1.68.Final.jar;C:\Users\hp\.m2\repository\io\netty\netty-codec-http\4.1.67.Final\netty-codec-http-4.1.67.Final.jar;C:\Users\hp\.m2\repository\io\netty\netty-codec\4.1.67.Final\netty-codec-4.1.67.Final.jar;C:\Users\hp\.m2\repository\io\netty\netty-handler\4.1.67.Final\netty-handler-4.1.67.Final.jar;C:\Users\hp\.m2\repository\io\netty\netty-common\4.1.68.Final\netty-common-4.1.68.Final.jar;C:\Users\hp\.m2\repository\io\netty\netty-transport-native-epoll\4.1.67.Final\netty-transport-native-epoll-4.1.67.Final.jar;C:\Users\hp\.m2\repository\io\netty\netty-transport-native-kqueue\4.1.67.Final\netty-transport-native-kqueue-4.1.67.Final.jar;C:\Users\hp\.m2\repository\io\netty\netty-transport-native-unix-common\4.1.67.Final\netty-transport-native-unix-common-4.1.67.Final.jar;C:\Users\hp\.m2\repository\io\netty\netty-transport\4.1.68.Final\netty-transport-4.1.68.Final.jar;C:\Users\hp\.m2\repository\io\netty\netty-resolver\4.1.68.Final\netty-resolver-4.1.68.Final.jar;C:\Users\hp\.m2\repository\io\opentelemetry\opentelemetry-api\1.6.0\opentelemetry-api-1.6.0.jar;C:\Users\hp\.m2\repository\io\opentelemetry\opentelemetry-context\1.6.0\opentelemetry-context-1.6.0.jar;C:\Users\hp\.m2\repository\io\opentelemetry\opentelemetry-exporter-logging\1.6.0\opentelemetry-exporter-logging-1.6.0.jar;C:\Users\hp\.m2\repository\io\opentelemetry\opentelemetry-sdk-metrics\1.6.0-alpha\opentelemetry-sdk-metrics-1.6.0-alpha.jar;C:\Users\hp\.m2\repository\io\opentelemetry\opentelemetry-sdk-common\1.6.0\opentelemetry-sdk-common-1.6.0.jar;C:\Users\hp\.m2\repository\io\opentelemetry\opentelemetry-sdk-extension-autoconfigure-spi\1.6.0\opentelemetry-sdk-extension-autoconfigure-spi-1.6.0.jar;C:\Users\hp\.m2\repository\io\opentelemetry\opentelemetry-sdk-extension-autoconfigure\1.6.0-alpha\opentelemetry-sdk-extension-autoconfigure-1.6.0-alpha.jar;C:\Users\hp\.m2\repository\io\opentelemetry\opentelemetry-sdk-trace\1.6.0\opentelemetry-sdk-trace-1.6.0.jar;C:\Users\hp\.m2\repository\io\opentelemetry\opentelemetry-api-metrics\1.6.0-alpha\opentelemetry-api-metrics-1.6.0-alpha.jar;C:\Users\hp\.m2\repository\io\opentelemetry\opentelemetry-sdk\1.6.0\opentelemetry-sdk-1.6.0.jar;C:\Users\hp\.m2\repository\io\opentelemetry\opentelemetry-semconv\1.6.0-alpha\opentelemetry-semconv-1.6.0-alpha.jar;C:\Users\hp\.m2\repository\io\ous\jtoml\2.0.0\jtoml-2.0.0.jar;C:\Users\hp\.m2\repository\net\bytebuddy\byte-buddy\1.11.19\byte-buddy-1.11.19.jar;C:\Users\hp\.m2\repository\org\apache\commons\commons-exec\1.3\commons-exec-1.3.jar;C:\Users\hp\.m2\repository\org\asynchttpclient\async-http-client\2.12.3\async-http-client-2.12.3.jar;C:\Users\hp\.m2\repository\org\asynchttpclient\async-http-client-netty-utils\2.12.3\async-http-client-netty-utils-2.12.3.jar;C:\Users\hp\.m2\repository\io\netty\netty-codec-socks\4.1.60.Final\netty-codec-socks-4.1.60.Final.jar;C:\Users\hp\.m2\repository\io\netty\netty-handler-proxy\4.1.60.Final\netty-handler-proxy-4.1.60.Final.jar;C:\Users\hp\.m2\repository\io\netty\netty-transport-native-epoll\4.1.60.Final\netty-transport-native-epoll-4.1.60.Final-linux-x86_64.jar;C:\Users\hp\.m2\repository\io\netty\netty-transport-native-kqueue\4.1.60.Final\netty-transport-native-kqueue-4.1.60.Final-osx-x86_64.jar;C:\Users\hp\.m2\repository\org\reactivestreams\reactive-streams\1.0.3\reactive-streams-1.0.3.jar;C:\Users\hp\.m2\repository\com\typesafe\netty\netty-reactive-streams\2.0.4\netty-reactive-streams-2.0.4.jar;C:\Users\hp\.m2\repository\com\sun\activation\jakarta.activation\1.2.2\jakarta.activation-1.2.2.jar;C:\Users\hp\.m2\repository\org\seleniumhq\selenium\selenium-http\4.0.0\selenium-http-4.0.0.jar;C:\Users\hp\.m2\repository\org\seleniumhq\selenium\selenium-safari-driver\4.0.0\selenium-safari-driver-4.0.0.jar;C:\Users\hp\.m2\repository\org\seleniumhq\selenium\selenium-support\4.0.0\selenium-support-4.0.0.jar;C:\Users\hp\.m2\repository\org\apache\poi\poi\5.2.0\poi-5.2.0.jar;C:\Users\hp\.m2\repository\commons-codec\commons-codec\1.15\commons-codec-1.15.jar;C:\Users\hp\.m2\repository\org\apache\commons\commons-collections4\4.4\commons-collections4-4.4.jar;C:\Users\hp\.m2\repository\org\apache\commons\commons-math3\3.6.1\commons-math3-3.6.1.jar;C:\Users\hp\.m2\repository\commons-io\commons-io\2.11.0\commons-io-2.11.0.jar;C:\Users\hp\.m2\repository\com\zaxxer\SparseBitSet\1.2\SparseBitSet-1.2.jar;C:\Users\hp\.m2\repository\org\apache\logging\log4j\log4j-api\2.17.1\log4j-api-2.17.1.jar;C:\Users\hp\.m2\repository\org\testng\testng\7.5\testng-7.5.jar;C:\Users\hp\.m2\repository\com\google\code\findbugs\jsr305\3.0.1\jsr305-3.0.1.jar;C:\Users\hp\.m2\repository\org\slf4j\slf4j-api\1.7.32\slf4j-api-1.7.32.jar;C:\Users\hp\.m2\repository\com\beust\jcommander\1.78\jcommander-1.78.jar;C:\Users\hp\.m2\repository\org\webjars\jquery\3.5.1\jquery-3.5.1.jar;C:\Users\hp\.m2\repository\io\github\bonigarcia\webdrivermanager\5.0.0\webdrivermanager-5.0.0.jar;C:\Users\hp\.m2\repository\com\google\code\gson\gson\2.8.8\gson-2.8.8.jar;C:\Users\hp\.m2\repository\org\jsoup\jsoup\1.14.2\jsoup-1.14.2.jar;C:\Users\hp\.m2\repository\com\github\docker-java\docker-java\3.2.11\docker-java-3.2.11.jar;C:\Users\hp\.m2\repository\com\github\docker-java\docker-java-core\3.2.11\docker-java-core-3.2.11.jar;C:\Users\hp\.m2\repository\com\github\docker-java\docker-java-api\3.2.11\docker-java-api-3.2.11.jar;C:\Users\hp\.m2\repository\com\fasterxml\jackson\core\jackson-annotations\2.10.3\jackson-annotations-2.10.3.jar;C:\Users\hp\.m2\repository\org\apache\commons\commons-compress\1.20\commons-compress-1.20.jar;C:\Users\hp\.m2\repository\commons-lang\commons-lang\2.6\commons-lang-2.6.jar;C:\Users\hp\.m2\repository\com\fasterxml\jackson\core\jackson-databind\2.10.3\jackson-databind-2.10.3.jar;C:\Users\hp\.m2\repository\com\fasterxml\jackson\core\jackson-core\2.10.3\jackson-core-2.10.3.jar;C:\Users\hp\.m2\repository\org\bouncycastle\bcpkix-jdk15on\1.64\bcpkix-jdk15on-1.64.jar;C:\Users\hp\.m2\repository\org\bouncycastle\bcprov-jdk15on\1.64\bcprov-jdk15on-1.64.jar;C:\Users\hp\.m2\repository\org\slf4j\jcl-over-slf4j\1.7.30\jcl-over-slf4j-1.7.30.jar;C:\Users\hp\.m2\repository\com\github\docker-java\docker-java-transport-httpclient5\3.2.11\docker-java-transport-httpclient5-3.2.11.jar;C:\Users\hp\.m2\repository\com\github\docker-java\docker-java-transport\3.2.11\docker-java-transport-3.2.11.jar;C:\Users\hp\.m2\repository\org\apache\httpcomponents\client5\httpclient5\5.0.3\httpclient5-5.0.3.jar;C:\Users\hp\.m2\repository\org\apache\httpcomponents\core5\httpcore5\5.0.2\httpcore5-5.0.2.jar;C:\Users\hp\.m2\repository\net\java\dev\jna\jna\5.8.0\jna-5.8.0.jar;C:\Users\hp\.m2\repository\com\google\guava\guava\30.1.1-jre\guava-30.1.1-jre.jar;C:\Users\hp\.m2\repository\com\google\guava\failureaccess\1.0.1\failureaccess-1.0.1.jar;C:\Users\hp\.m2\repository\com\google\guava\listenablefuture\9999.0-empty-to-avoid-conflict-with-guava\listenablefuture-9999.0-empty-to-avoid-conflict-with-guava.jar;C:\Users\hp\.m2\repository\org\checkerframework\checker-qual\3.8.0\checker-qual-3.8.0.jar;C:\Users\hp\.m2\repository\com\google\errorprone\error_prone_annotations\2.5.1\error_prone_annotations-2.5.1.jar;C:\Users\hp\.m2\repository\com\google\j2objc\j2objc-annotations\1.3\j2objc-annotations-1.3.jar;C:\Users\hp\.m2\repository\org\brotli\dec\0.1.2\dec-0.1.2.jar;C:\Users\hp\.m2\repository\com\codoid\products\fillo\1.21\fillo-1.21.jar;C:\Users\hp\.m2\repository\mysql\mysql-connector-java\8.0.28\mysql-connector-java-8.0.28.jar;C:\Users\hp\.m2\repository\com\google\protobuf\protobuf-java\3.11.4\protobuf-java-3.11.4.jar;C:\Users\hp\.m2\repository\org\apache\maven\plugins\maven-compiler-plugin\3.9.0\maven-compiler-plugin-3.9.0.jar;C:\Users\hp\.m2\repository\org\apache\maven\shared\maven-shared-utils\3.3.4\maven-shared-utils-3.3.4.jar;C:\Users\hp\.m2\repository\org\apache\maven\shared\maven-shared-incremental\1.1\maven-shared-incremental-1.1.jar;C:\Users\hp\.m2\repository\org\codehaus\plexus\plexus-component-annotations\1.5.5\plexus-component-annotations-1.5.5.jar;C:\Users\hp\.m2\repository\org\codehaus\plexus\plexus-java\1.1.0\plexus-java-1.1.0.jar;C:\Users\hp\.m2\repository\org\ow2\asm\asm\9.2\asm-9.2.jar;C:\Users\hp\.m2\repository\com\thoughtworks\qdox\qdox\2.0.0\qdox-2.0.0.jar;C:\Users\hp\.m2\repository\org\codehaus\plexus\plexus-compiler-api\2.9.0\plexus-compiler-api-2.9.0.jar;C:\Users\hp\.m2\repository\org\codehaus\plexus\plexus-utils\3.3.0\plexus-utils-3.3.0.jar;C:\Users\hp\.m2\repository\org\codehaus\plexus\plexus-compiler-manager\2.9.0\plexus-compiler-manager-2.9.0.jar;C:\Users\hp\.m2\repository\org\codehaus\plexus\plexus-compiler-javac\2.9.0\plexus-compiler-javac-2.9.0.jar;"/>
    <property name="sun.cpu.endian" value="little"/>
    <property name="user.home" value="C:\Users\hp"/>
    <property name="user.language" value="en"/>
    <property name="java.specification.vendor" value="Oracle Corporation"/>
    <property name="java.version.date" value="2021-10-19"/>
    <property name="java.home" value="C:\Users\hp\.p2\pool\plugins\org.eclipse.justj.openjdk.hotspot.jre.full.win32.x86_64_17.0.1.v20211116-1657\jre"/>
    <property name="file.separator" value="\"/>
    <property name="basedir" value="D:\Selenium\redbus"/>
    <property name="java.vm.compressedOopsMode" value="32-bit"/>
    <property name="line.separator" value="&#10;"/>
    <property name="java.vm.specification.vendor" value="Oracle Corporation"/>
    <property name="java.specification.name" value="Java Platform API Specification"/>
    <property name="surefire.real.class.path" value="C:\Users\hp\AppData\Local\Temp\surefire15511800336988566582\surefirebooter10098084563790017397.jar"/>
    <property name="user.script" value=""/>
    <property name="sun.management.compiler" value="HotSpot 64-Bit Tiered Compilers"/>
    <property name="java.runtime.version" value="17.0.1+12"/>
    <property name="user.name" value="hp"/>
    <property name="path.separator" value=";"/>
    <property name="os.version" value="10.0"/>
    <property name="java.runtime.name" value="OpenJDK Runtime Environment"/>
    <property name="file.encoding" value="Cp1252"/>
    <property name="sun.nio.ch.bugLevel" value=""/>
    <property name="java.vm.name" value="OpenJDK 64-Bit Server VM"/>
    <property name="java.vendor.version" value="Temurin-17.0.1+12"/>
    <property name="localRepository" value="C:\Users\hp\.m2\repository"/>
    <property name="java.vendor.url.bug" value="https://github.com/adoptium/adoptium-support/issues"/>
    <property name="java.io.tmpdir" value="C:\Users\hp\AppData\Local\Temp\"/>
    <property name="java.version" value="17.0.1"/>
    <property name="user.dir" value="D:\Selenium\redbus"/>
    <property name="os.arch" value="amd64"/>
    <property name="java.vm.specification.name" value="Java Virtual Machine Specification"/>
    <property name="sun.os.patch.level" value=""/>
    <property name="native.encoding" value="Cp1252"/>
    <property name="java.library.path" value="C:\Users\hp\.p2\pool\plugins\org.eclipse.justj.openjdk.hotspot.jre.full.win32.x86_64_17.0.1.v20211116-1657\jre\bin;C:\WINDOWS\Sun\Java\bin;C:\WINDOWS\system32;C:\WINDOWS;C:/Users/hp/.p2/pool/plugins/org.eclipse.justj.openjdk.hotspot.jre.full.win32.x86_64_17.0.1.v20211116-1657/jre/bin/server;C:/Users/hp/.p2/pool/plugins/org.eclipse.justj.openjdk.hotspot.jre.full.win32.x86_64_17.0.1.v20211116-1657/jre/bin;C:\ProgramData\Oracle\Java\javapath;C:\Program Files\Common Files\Oracle\Java\javapath;C:\Program Files (x86)\Common Files\Oracle\Java\javapath;C:\WINDOWS\system32;C:\WINDOWS;C:\WINDOWS\System32\Wbem;C:\WINDOWS\System32\WindowsPowerShell\v1.0\;C:\WINDOWS\System32\OpenSSH\;C:\Program Files\Java\jre1.8.0_91\bin;C:\Users\hp\AppData\Local\Microsoft\WindowsApps;;C:\Users\hp\Desktop;;."/>
    <property name="java.vm.info" value="mixed mode"/>
    <property name="java.vendor" value="Eclipse Adoptium"/>
    <property name="java.vm.version" value="17.0.1+12"/>
    <property name="sun.io.unicode.encoding" value="UnicodeLittle"/>
    <property name="java.class.version" value="61.0"/>
  </properties>
  <testcase name="seatBooking" classname="com.redbus.RedBus" time="19.987">
    <system-out><![CDATA[Feb 2022
Mar 2022
]]></system-out>
    <system-err><![CDATA[SLF4J: Failed to load class "org.slf4j.impl.StaticLoggerBinder".
SLF4J: Defaulting to no-operation (NOP) logger implementation
SLF4J: See http://www.slf4j.org/codes.html#StaticLoggerBinder for further details.
ERROR StatusLogger Log4j2 could not find a logging implementation. Please add log4j-core to the classpath. Using SimpleLogger to log to the console...
Starting ChromeDriver 98.0.4758.80 (7f0488e8ba0d8e019187c6325a16c29d9b7f4989-refs/branch-heads/4758@{#972}) on port 51981
Only local connections are allowed.
Please see https://chromedriver.chromium.org/security-considerations for suggestions on keeping ChromeDriver safe.
ChromeDriver was started successfully.
Feb 14, 2022 5:27:49 PM org.openqa.selenium.remote.ProtocolHandshake createSession
INFO: Detected dialect: W3C
Feb 14, 2022 5:27:50 PM org.openqa.selenium.devtools.CdpVersionFinder findNearestMatch
WARNING: Unable to find an exact match for CDP version 98, so returning the closest version found: 95
Feb 14, 2022 5:27:50 PM org.openqa.selenium.devtools.CdpVersionFinder findNearestMatch
INFO: Found CDP implementation for version 98 of 95
]]></system-err>
  </testcase>
</testsuite>