<?xml version="1.0" encoding="UTF-8"?>
<!-- Generated by org.testng.reporters.JUnitReportReporter -->
<testsuite hostname="Ashok" failures="0" tests="1" name="com.redbus.DatePicker" time="17.270" errors="0" timestamp="2022-02-14T15:01:17 IST" skipped="0">
  <testcase classname="com.redbus.DatePicker" name="Date" time="17.270"/>
  <system-out/>
</testsuite> <!-- com.redbus.DatePicker -->
