<?xml version="1.0" encoding="UTF-8"?>
<!-- Generated by org.testng.reporters.JUnitReportReporter -->
<testsuite hostname="Ashok" failures="0" tests="1" name="com.redbus.RedBus" time="19.967" errors="0" timestamp="2022-02-14T17:28:08 IST" skipped="0">
  <testcase classname="com.redbus.RedBus" name="seatBooking" time="19.967"/>
  <system-out/>
</testsuite> <!-- com.redbus.RedBus -->
